
nick:RadekHulan    datum:2009-08-06 15:45:55.921574    zbyva:0
nick:RadekHulan    datum:2009-08-06 15:46:24.831977    zbyva:0
nick:RadekHulan    datum:2009-08-06 15:47:03.334737    zbyva:0
nick:RadekHulan    datum:2009-08-06 16:06:00.394800    zbyva:0
nick:adent    datum:2009-08-12 18:19:19.971479    zbyva:0
nick:nadvornix    datum:2009-08-12 18:24:40.127849    zbyva:0
nick:RadekHulan    datum:2009-08-12 18:25:11.636642    zbyva:0
nick:RadekHuIan    datum:2009-08-12 18:25:21.511779    zbyva:0
nick:PatrikVogl    datum:2009-08-12 18:25:31.417645    zbyva:0
nick:Tangredo    datum:2009-08-12 18:25:56.210442    zbyva:0
nick:Tangero    datum:2009-08-12 18:26:04.115242    zbyva:0
nick:MedvidekPu    datum:2009-08-12 18:26:14.671103    zbyva:0
nick:petrkou    datum:2009-08-12 18:26:33.469181    zbyva:0
nick:plavacek    datum:2009-08-12 18:26:45.205100    zbyva:0
nick:zdrojak    datum:2009-08-12 18:26:57.517269    zbyva:0
nick:nadvornix    datum:2009-08-12 18:27:51.487246    zbyva:0
nick:petrkou    datum:2009-08-12 18:28:10.914670    zbyva:0
nick:adent    datum:2009-08-12 18:29:11.991131    zbyva:0
nick:adent    datum:2009-08-12 18:30:25.852919    zbyva:0
nick:nadvornix    datum:2009-08-12 18:51:10.773349    zbyva:0
nick:nadvornix    datum:2009-08-12 18:52:46.972707    zbyva:0
nick:mashable    datum:2009-08-12 18:54:20.237582    zbyva:0
nick:mashable    datum:2009-08-12 19:01:55.827498    zbyva:0
nick:mashable    datum:2009-08-12 19:04:59.975991    zbyva:0
nick:adent    datum:2009-08-12 19:06:17.781446    zbyva:0
nick:adent    datum:2009-08-12 19:47:11.477095    zbyva:0
nick:adent    datum:2009-08-12 19:47:52.700540    zbyva:0
nick:DavidGrudl    datum:2009-08-12 20:19:04.213380    zbyva:0
nick:DavidGrudl    datum:2009-08-12 20:19:41.781260    zbyva:0
nick:DavidGrudl    datum:2009-08-12 20:20:13.216898    zbyva:0
nick:DavidGrudl    datum:2009-08-12 20:20:45.546758    zbyva:0
nick:adent    datum:2009-08-12 20:21:09.795581    zbyva:0
nick:adent    datum:2009-08-12 20:21:57.333979    zbyva:0
nick:nadvornix    datum:2009-08-12 20:23:45.172529    zbyva:0
nick:adent    datum:2009-08-12 21:19:30.683133    zbyva:0
nick:nadvornix    datum:2009-08-12 21:41:59.897100    zbyva:0
nick:h4lfman    datum:2009-08-12 21:56:06.614921    zbyva:0
nick:nadvornix    datum:2009-08-21 11:37:39.504478    zbyva:0
nick:h4lfman    datum:2009-08-21 11:37:52.548203    zbyva:0
nick:adent    datum:2009-08-21 11:39:06.437078    zbyva:0
nick:adent    datum:2009-08-21 11:40:50.432918    zbyva:0
nick:adent    datum:2009-08-21 11:40:51.075081    zbyva:0
nick:adent    datum:2009-08-21 11:40:51.609065    zbyva:0
nick:adent    datum:2009-08-21 11:41:24.964634    zbyva:0
nick:nadvornix    datum:2009-08-21 11:41:44.724997    zbyva:0
nick:nadvornix    datum:2009-08-21 11:41:57.989724    zbyva:0
nick:nadvornix    datum:2009-08-21 11:42:13.049183    zbyva:0
nick:adent    datum:2009-08-21 11:42:19.609884    zbyva:0
nick:RadekHulan    datum:2009-08-21 11:55:01.223845    zbyva:0
nick:PatrikVogl    datum:2009-08-21 11:55:26.059226    zbyva:0
nick:adent    datum:2009-08-21 11:55:50.240468    zbyva:0
nick:RadekHulan    datum:2009-08-21 11:56:17.387819    zbyva:0
nick:starenka    datum:2009-08-21 11:56:49.364783    zbyva:0
nick:RadekHulan    datum:2009-08-21 12:18:08.845242    zbyva:0
nick:petrmara    datum:2009-08-21 12:18:37.493736    zbyva:0
nick:suchosch    datum:2009-08-21 12:19:53.780433    zbyva:0
nick:suchosch    datum:2009-08-21 12:20:40.954991    zbyva:0
